<?xml version="1.0" encoding="UTF-8"?>
<testng-results ignored="0" total="1" passed="1" failed="0" skipped="0">
  <reporter-output>
  </reporter-output>
  <suite started-at="2025-08-21T12:39:23 IST" name="Default suite" finished-at="2025-08-21T12:39:35 IST" duration-ms="12402">
    <groups>
    </groups>
    <test started-at="2025-08-21T12:39:23 IST" name="Default test" finished-at="2025-08-21T12:39:35 IST" duration-ms="12402">
      <class name="Scripts.PraticeAutomationScript">
        <test-method is-config="true" signature="browserLaunch()[pri:0, instance:Scripts.PraticeAutomationScript@6f4a47c7]" started-at="2025-08-21T12:39:23 IST" name="browserLaunch" finished-at="2025-08-21T12:39:35 IST" duration-ms="11890" status="PASS">
          <reporter-output>
          </reporter-output>
        </test-method> <!-- browserLaunch -->
        <test-method is-config="true" signature="setUp()[pri:0, instance:Scripts.PraticeAutomationScript@6f4a47c7]" started-at="2025-08-21T12:39:35 IST" name="setUp" finished-at="2025-08-21T12:39:35 IST" depends-on-methods="Base.PraticeAutomation.browserLaunch" duration-ms="44" status="PASS">
          <reporter-output>
          </reporter-output>
        </test-method> <!-- setUp -->
        <test-method signature="launch()[pri:0, instance:Scripts.PraticeAutomationScript@6f4a47c7]" started-at="2025-08-21T12:39:35 IST" name="launch" finished-at="2025-08-21T12:39:35 IST" duration-ms="372" status="PASS">
          <reporter-output>
          </reporter-output>
        </test-method> <!-- launch -->
      </class> <!-- Scripts.PraticeAutomationScript -->
    </test> <!-- Default test -->
  </suite> <!-- Default suite -->
</testng-results>
